<?xml version="1.0" encoding="UTF-8"?>
<!-- Generated by org.testng.reporters.JUnitReportReporter -->
<testsuite skipped="0" hostname="DESKTOP-LDUGJ29" name="testCases.CreateOneProduct" tests="3" failures="0" timestamp="2022-11-13T19:09:06 CST" time="9.056" errors="0">
  <testcase name="createOneProduct" time="6.735" classname="testCases.CreateOneProduct"/>
  <system-out/>
  <testcase name="readAllProducts" time="1.459" classname="testCases.CreateOneProduct"/>
  <system-out/>
  <testcase name="readOneProduct" time="0.862" classname="testCases.CreateOneProduct"/>
  <system-out/>
</testsuite> <!-- testCases.CreateOneProduct -->
