<?xml version="1.0" encoding="UTF-8"?>
<!-- Generated by org.testng.reporters.JUnitReportReporter -->
<testsuite skipped="0" hostname="DESKTOP-LDUGJ29" name="testCases.ReadAllProducts" tests="1" failures="0" timestamp="2022-11-13T16:59:21 CST" time="6.400" errors="0">
  <testcase name="readAllProducts" time="6.400" classname="testCases.ReadAllProducts"/>
  <system-out/>
</testsuite> <!-- testCases.ReadAllProducts -->
