<?xml version="1.0" encoding="UTF-8"?>
<!-- Generated by org.testng.reporters.JUnitReportReporter -->
<testsuite skipped="0" hostname="DESKTOP-LDUGJ29" name="testCases.ReadOneProduct" tests="1" failures="0" timestamp="2022-11-13T20:25:36 CST" time="2.827" errors="0">
  <testcase name="readOneProduct" time="2.827" classname="testCases.ReadOneProduct"/>
  <system-out/>
</testsuite> <!-- testCases.ReadOneProduct -->
